This file contains any messages produced by compilers while
running configure, to aid debugging if configure makes a mistake.

It was created by configure, which was
generated by GNU Autoconf 2.68.  Invocation command line was

  $ ./configure --prefix=/usr/local

## --------- ##
## Platform. ##
## --------- ##

hostname = ubuntu
uname -m = x86_64
uname -r = 3.8.0-37-generic
uname -s = Linux
uname -v = #53~precise1-Ubuntu SMP Wed Feb 19 21:37:54 UTC 2014

/usr/bin/uname -p = unknown
/bin/uname -X     = unknown

/bin/arch              = unknown
/usr/bin/arch -k       = unknown
/usr/convex/getsysinfo = unknown
/usr/bin/hostinfo      = unknown
/bin/machine           = unknown
/usr/bin/oslevel       = unknown
/bin/universe          = unknown

PATH: /home/shehzad/ros_ws/hydro/rockin_ws/devel/bin
PATH: /home/shehzad/ros_ws/hydro/robocupwork_ws/devel/bin
PATH: /opt/ros/hydro/bin
PATH: /home/shehzad/ros_ws/hydro/devel/bin
PATH: /usr/lib/lightdm/lightdm
PATH: /usr/local/sbin
PATH: /usr/local/bin
PATH: /usr/sbin
PATH: /usr/bin
PATH: /sbin
PATH: /bin
PATH: /usr/games
PATH: /home/shehzad/Documents/zeno-project/qpid-broker-0.16/bin/
PATH: /home/shehzad/Documents/zeno-project/qpid-broker-0.16/bin/


## ----------- ##
## Core tests. ##
## ----------- ##

configure:2230: checking for a BSD-compatible install
configure:2298: result: /usr/bin/install -c
configure:2309: checking whether build environment is sane
configure:2359: result: yes
configure:2500: checking for a thread-safe mkdir -p
configure:2539: result: /bin/mkdir -p
configure:2552: checking for gawk
configure:2582: result: no
configure:2552: checking for mawk
configure:2568: found /usr/bin/mawk
configure:2579: result: mawk
configure:2590: checking whether make sets $(MAKE)
configure:2612: result: yes
configure:2695: checking whether to enable maintainer-specific portions of Makefiles
configure:2704: result: no
configure:2748: checking build system type
configure:2762: result: x86_64-unknown-linux-gnu
configure:2782: checking host system type
configure:2795: result: x86_64-unknown-linux-gnu
configure:2836: checking how to print strings
configure:2863: result: printf
configure:2896: checking for style of include used by make
configure:2924: result: GNU
configure:2995: checking for gcc
configure:3011: found /usr/bin/gcc
configure:3022: result: gcc
configure:3251: checking for C compiler version
configure:3260: gcc --version >&5
gcc (Ubuntu/Linaro 4.6.3-1ubuntu5) 4.6.3
Copyright (C) 2011 Free Software Foundation, Inc.
This is free software; see the source for copying conditions.  There is NO
warranty; not even for MERCHANTABILITY or FITNESS FOR A PARTICULAR PURPOSE.

configure:3271: $? = 0
configure:3260: gcc -v >&5
Using built-in specs.
COLLECT_GCC=gcc
COLLECT_LTO_WRAPPER=/usr/lib/gcc/x86_64-linux-gnu/4.6/lto-wrapper
Target: x86_64-linux-gnu
Configured with: ../src/configure -v --with-pkgversion='Ubuntu/Linaro 4.6.3-1ubuntu5' --with-bugurl=file:///usr/share/doc/gcc-4.6/README.Bugs --enable-languages=c,c++,fortran,objc,obj-c++ --prefix=/usr --program-suffix=-4.6 --enable-shared --enable-linker-build-id --with-system-zlib --libexecdir=/usr/lib --without-included-gettext --enable-threads=posix --with-gxx-include-dir=/usr/include/c++/4.6 --libdir=/usr/lib --enable-nls --with-sysroot=/ --enable-clocale=gnu --enable-libstdcxx-debug --enable-libstdcxx-time=yes --enable-gnu-unique-object --enable-plugin --enable-objc-gc --disable-werror --with-arch-32=i686 --with-tune=generic --enable-checking=release --build=x86_64-linux-gnu --host=x86_64-linux-gnu --target=x86_64-linux-gnu
Thread model: posix
gcc version 4.6.3 (Ubuntu/Linaro 4.6.3-1ubuntu5) 
configure:3271: $? = 0
configure:3260: gcc -V >&5
gcc: error: unrecognized option '-V'
gcc: fatal error: no input files
compilation terminated.
configure:3271: $? = 4
configure:3260: gcc -qversion >&5
gcc: error: unrecognized option '-qversion'
gcc: fatal error: no input files
compilation terminated.
configure:3271: $? = 4
configure:3291: checking whether the C compiler works
configure:3313: gcc    conftest.c  >&5
configure:3317: $? = 0
configure:3365: result: yes
configure:3368: checking for C compiler default output file name
configure:3370: result: a.out
configure:3376: checking for suffix of executables
configure:3383: gcc -o conftest    conftest.c  >&5
configure:3387: $? = 0
configure:3409: result: 
configure:3431: checking whether we are cross compiling
configure:3439: gcc -o conftest    conftest.c  >&5
configure:3443: $? = 0
configure:3450: ./conftest
configure:3454: $? = 0
configure:3469: result: no
configure:3474: checking for suffix of object files
configure:3496: gcc -c   conftest.c >&5
configure:3500: $? = 0
configure:3521: result: o
configure:3525: checking whether we are using the GNU C compiler
configure:3544: gcc -c   conftest.c >&5
configure:3544: $? = 0
configure:3553: result: yes
configure:3562: checking whether gcc accepts -g
configure:3582: gcc -c -g  conftest.c >&5
configure:3582: $? = 0
configure:3623: result: yes
configure:3640: checking for gcc option to accept ISO C89
configure:3704: gcc  -c -g -O2  conftest.c >&5
configure:3704: $? = 0
configure:3717: result: none needed
configure:3739: checking dependency style of gcc
configure:3850: result: gcc3
configure:3865: checking for a sed that does not truncate output
configure:3929: result: /bin/sed
configure:3947: checking for grep that handles long lines and -e
configure:4005: result: /bin/grep
configure:4010: checking for egrep
configure:4072: result: /bin/grep -E
configure:4077: checking for fgrep
configure:4139: result: /bin/grep -F
configure:4174: checking for ld used by gcc
configure:4241: result: /usr/bin/ld
configure:4248: checking if the linker (/usr/bin/ld) is GNU ld
configure:4263: result: yes
configure:4275: checking for BSD- or MS-compatible name lister (nm)
configure:4324: result: /usr/bin/nm -B
configure:4454: checking the name lister (/usr/bin/nm -B) interface
configure:4461: gcc -c -g -O2  conftest.c >&5
configure:4464: /usr/bin/nm -B "conftest.o"
configure:4467: output
0000000000000000 B some_variable
configure:4474: result: BSD nm
configure:4477: checking whether ln -s works
configure:4481: result: yes
configure:4489: checking the maximum length of command line arguments
configure:4619: result: 1572864
configure:4636: checking whether the shell understands some XSI constructs
configure:4646: result: yes
configure:4650: checking whether the shell understands "+="
configure:4656: result: yes
configure:4691: checking how to convert x86_64-unknown-linux-gnu file names to x86_64-unknown-linux-gnu format
configure:4731: result: func_convert_file_noop
configure:4738: checking how to convert x86_64-unknown-linux-gnu file names to toolchain format
configure:4758: result: func_convert_file_noop
configure:4765: checking for /usr/bin/ld option to reload object files
configure:4772: result: -r
configure:4846: checking for objdump
configure:4862: found /usr/bin/objdump
configure:4873: result: objdump
configure:4905: checking how to recognize dependent libraries
configure:5107: result: pass_all
configure:5192: checking for dlltool
configure:5222: result: no
configure:5252: checking how to associate runtime and link libraries
configure:5279: result: printf %s\n
configure:5340: checking for ar
configure:5356: found /usr/bin/ar
configure:5367: result: ar
configure:5404: checking for archiver @FILE support
configure:5421: gcc -c -g -O2  conftest.c >&5
configure:5421: $? = 0
configure:5424: ar cru libconftest.a @conftest.lst >&5
configure:5427: $? = 0
configure:5432: ar cru libconftest.a @conftest.lst >&5
ar: conftest.o: No such file or directory
configure:5435: $? = 1
configure:5447: result: @
configure:5505: checking for strip
configure:5521: found /usr/bin/strip
configure:5532: result: strip
configure:5604: checking for ranlib
configure:5620: found /usr/bin/ranlib
configure:5631: result: ranlib
configure:5733: checking command to parse /usr/bin/nm -B output from gcc object
configure:5853: gcc -c -g -O2  conftest.c >&5
configure:5856: $? = 0
configure:5860: /usr/bin/nm -B conftest.o \| sed -n -e 's/^.*[ ]\([ABCDGIRSTW][ABCDGIRSTW]*\)[ ][ ]*\([_A-Za-z][_A-Za-z0-9]*\)$/\1 \2 \2/p' | sed '/ __gnu_lto/d' \> conftest.nm
configure:5863: $? = 0
configure:5929: gcc -o conftest -g -O2   conftest.c conftstm.o >&5
configure:5932: $? = 0
configure:5970: result: ok
configure:6007: checking for sysroot
configure:6037: result: no
configure:6114: gcc -c -g -O2  conftest.c >&5
configure:6117: $? = 0
configure:6293: checking for mt
configure:6309: found /bin/mt
configure:6320: result: mt
configure:6343: checking if mt is a manifest tool
configure:6349: mt '-?'
configure:6357: result: no
configure:6999: checking how to run the C preprocessor
configure:7030: gcc -E  conftest.c
configure:7030: $? = 0
configure:7044: gcc -E  conftest.c
conftest.c:11:28: fatal error: ac_nonexistent.h: No such file or directory
compilation terminated.
configure:7044: $? = 1
configure: failed program was:
| /* confdefs.h */
| #define PACKAGE_NAME ""
| #define PACKAGE_TARNAME ""
| #define PACKAGE_VERSION ""
| #define PACKAGE_STRING ""
| #define PACKAGE_BUGREPORT ""
| #define PACKAGE_URL ""
| #define PACKAGE "liblbfgs"
| #define VERSION "1.10"
| /* end confdefs.h.  */
| #include <ac_nonexistent.h>
configure:7069: result: gcc -E
configure:7089: gcc -E  conftest.c
configure:7089: $? = 0
configure:7103: gcc -E  conftest.c
conftest.c:11:28: fatal error: ac_nonexistent.h: No such file or directory
compilation terminated.
configure:7103: $? = 1
configure: failed program was:
| /* confdefs.h */
| #define PACKAGE_NAME ""
| #define PACKAGE_TARNAME ""
| #define PACKAGE_VERSION ""
| #define PACKAGE_STRING ""
| #define PACKAGE_BUGREPORT ""
| #define PACKAGE_URL ""
| #define PACKAGE "liblbfgs"
| #define VERSION "1.10"
| /* end confdefs.h.  */
| #include <ac_nonexistent.h>
configure:7132: checking for ANSI C header files
configure:7152: gcc -c -g -O2  conftest.c >&5
configure:7152: $? = 0
configure:7225: gcc -o conftest -g -O2   conftest.c  >&5
configure:7225: $? = 0
configure:7225: ./conftest
configure:7225: $? = 0
configure:7236: result: yes
configure:7249: checking for sys/types.h
configure:7249: gcc -c -g -O2  conftest.c >&5
configure:7249: $? = 0
configure:7249: result: yes
configure:7249: checking for sys/stat.h
configure:7249: gcc -c -g -O2  conftest.c >&5
configure:7249: $? = 0
configure:7249: result: yes
configure:7249: checking for stdlib.h
configure:7249: gcc -c -g -O2  conftest.c >&5
configure:7249: $? = 0
configure:7249: result: yes
configure:7249: checking for string.h
configure:7249: gcc -c -g -O2  conftest.c >&5
configure:7249: $? = 0
configure:7249: result: yes
configure:7249: checking for memory.h
configure:7249: gcc -c -g -O2  conftest.c >&5
configure:7249: $? = 0
configure:7249: result: yes
configure:7249: checking for strings.h
configure:7249: gcc -c -g -O2  conftest.c >&5
configure:7249: $? = 0
configure:7249: result: yes
configure:7249: checking for inttypes.h
configure:7249: gcc -c -g -O2  conftest.c >&5
configure:7249: $? = 0
configure:7249: result: yes
configure:7249: checking for stdint.h
configure:7249: gcc -c -g -O2  conftest.c >&5
configure:7249: $? = 0
configure:7249: result: yes
configure:7249: checking for unistd.h
configure:7249: gcc -c -g -O2  conftest.c >&5
configure:7249: $? = 0
configure:7249: result: yes
configure:7263: checking for dlfcn.h
configure:7263: gcc -c -g -O2  conftest.c >&5
configure:7263: $? = 0
configure:7263: result: yes
configure:7469: checking for objdir
configure:7484: result: .libs
configure:7751: checking if gcc supports -fno-rtti -fno-exceptions
configure:7769: gcc -c -g -O2  -fno-rtti -fno-exceptions conftest.c >&5
cc1: warning: command line option '-fno-rtti' is valid for C++/ObjC++ but not for C [enabled by default]
configure:7773: $? = 0
configure:7786: result: no
configure:8113: checking for gcc option to produce PIC
configure:8120: result: -fPIC -DPIC
configure:8128: checking if gcc PIC flag -fPIC -DPIC works
configure:8146: gcc -c -g -O2  -fPIC -DPIC -DPIC conftest.c >&5
configure:8150: $? = 0
configure:8163: result: yes
configure:8192: checking if gcc static flag -static works
configure:8220: result: yes
configure:8235: checking if gcc supports -c -o file.o
configure:8256: gcc -c -g -O2  -o out/conftest2.o conftest.c >&5
configure:8260: $? = 0
configure:8282: result: yes
configure:8290: checking if gcc supports -c -o file.o
configure:8337: result: yes
configure:8370: checking whether the gcc linker (/usr/bin/ld -m elf_x86_64) supports shared libraries
configure:9527: result: yes
configure:9564: checking whether -lc should be explicitly linked in
configure:9572: gcc -c -g -O2  conftest.c >&5
configure:9575: $? = 0
configure:9590: gcc -shared  -fPIC -DPIC conftest.o  -v -Wl,-soname -Wl,conftest -o conftest 2\>\&1 \| /bin/grep  -lc  \>/dev/null 2\>\&1
configure:9593: $? = 0
configure:9607: result: no
configure:9767: checking dynamic linker characteristics
configure:10278: gcc -o conftest -g -O2   -Wl,-rpath -Wl,/foo conftest.c  >&5
configure:10278: $? = 0
configure:10512: result: GNU/Linux ld.so
configure:10619: checking how to hardcode library paths into programs
configure:10644: result: immediate
configure:11184: checking whether stripping libraries is possible
configure:11189: result: yes
configure:11224: checking if libtool supports shared libraries
configure:11226: result: yes
configure:11229: checking whether to build shared libraries
configure:11250: result: yes
configure:11253: checking whether to build static libraries
configure:11257: result: yes
configure:11295: checking whether ln -s works
configure:11299: result: yes
configure:11306: checking whether make sets $(MAKE)
configure:11328: result: yes
configure:11345: checking for ANSI C header files
configure:11449: result: yes
configure:11460: checking xmmintrin.h usability
configure:11460: gcc -c  -Wall  conftest.c >&5
configure:11460: $? = 0
configure:11460: result: yes
configure:11460: checking xmmintrin.h presence
configure:11460: gcc -E  conftest.c
configure:11460: $? = 0
configure:11460: result: yes
configure:11460: checking for xmmintrin.h
configure:11460: result: yes
configure:11460: checking emmintrin.h usability
configure:11460: gcc -c  -Wall  conftest.c >&5
configure:11460: $? = 0
configure:11460: result: yes
configure:11460: checking emmintrin.h presence
configure:11460: gcc -E  conftest.c
configure:11460: $? = 0
configure:11460: result: yes
configure:11460: checking for emmintrin.h
configure:11460: result: yes
configure:11496: checking for fabs in -lm
configure:11521: gcc -o conftest -O3 -ffast-math  -Wall   conftest.c -lm   >&5
conftest.c:33:6: warning: conflicting types for built-in function 'fabs' [enabled by default]
configure:11521: $? = 0
configure:11530: result: yes
configure:11684: creating ./config.status

## ---------------------- ##
## Running config.status. ##
## ---------------------- ##

This file was extended by config.status, which was
generated by GNU Autoconf 2.68.  Invocation command line was

  CONFIG_FILES    = 
  CONFIG_HEADERS  = 
  CONFIG_LINKS    = 
  CONFIG_COMMANDS = 
  $ ./config.status 

on ubuntu

config.status:1098: creating Makefile
config.status:1098: creating lib/Makefile
config.status:1098: creating sample/Makefile
config.status:1098: creating config.h
config.status:1279: config.h is unchanged
config.status:1327: executing depfiles commands
config.status:1327: executing libtool commands

## ---------------- ##
## Cache variables. ##
## ---------------- ##

ac_cv_build=x86_64-unknown-linux-gnu
ac_cv_c_compiler_gnu=yes
ac_cv_env_CC_set=
ac_cv_env_CC_value=
ac_cv_env_CFLAGS_set=
ac_cv_env_CFLAGS_value=
ac_cv_env_CPPFLAGS_set=
ac_cv_env_CPPFLAGS_value=
ac_cv_env_CPP_set=
ac_cv_env_CPP_value=
ac_cv_env_LDFLAGS_set=
ac_cv_env_LDFLAGS_value=
ac_cv_env_LIBS_set=
ac_cv_env_LIBS_value=
ac_cv_env_build_alias_set=
ac_cv_env_build_alias_value=
ac_cv_env_host_alias_set=
ac_cv_env_host_alias_value=
ac_cv_env_target_alias_set=
ac_cv_env_target_alias_value=
ac_cv_header_dlfcn_h=yes
ac_cv_header_emmintrin_h=yes
ac_cv_header_inttypes_h=yes
ac_cv_header_memory_h=yes
ac_cv_header_stdc=yes
ac_cv_header_stdint_h=yes
ac_cv_header_stdlib_h=yes
ac_cv_header_string_h=yes
ac_cv_header_strings_h=yes
ac_cv_header_sys_stat_h=yes
ac_cv_header_sys_types_h=yes
ac_cv_header_unistd_h=yes
ac_cv_header_xmmintrin_h=yes
ac_cv_host=x86_64-unknown-linux-gnu
ac_cv_lib_m_fabs=yes
ac_cv_objext=o
ac_cv_path_EGREP='/bin/grep -E'
ac_cv_path_FGREP='/bin/grep -F'
ac_cv_path_GREP=/bin/grep
ac_cv_path_SED=/bin/sed
ac_cv_path_install='/usr/bin/install -c'
ac_cv_path_mkdir=/bin/mkdir
ac_cv_prog_AWK=mawk
ac_cv_prog_CPP='gcc -E'
ac_cv_prog_ac_ct_AR=ar
ac_cv_prog_ac_ct_CC=gcc
ac_cv_prog_ac_ct_MANIFEST_TOOL=mt
ac_cv_prog_ac_ct_OBJDUMP=objdump
ac_cv_prog_ac_ct_RANLIB=ranlib
ac_cv_prog_ac_ct_STRIP=strip
ac_cv_prog_cc_c89=
ac_cv_prog_cc_g=yes
ac_cv_prog_make_make_set=yes
am_cv_CC_dependencies_compiler_type=gcc3
lt_cv_ar_at_file=@
lt_cv_archive_cmds_need_lc=no
lt_cv_deplibs_check_method=pass_all
lt_cv_file_magic_cmd='$MAGIC_CMD'
lt_cv_file_magic_test_file=
lt_cv_ld_reload_flag=-r
lt_cv_nm_interface='BSD nm'
lt_cv_objdir=.libs
lt_cv_path_LD=/usr/bin/ld
lt_cv_path_NM='/usr/bin/nm -B'
lt_cv_path_mainfest_tool=no
lt_cv_prog_compiler_c_o=yes
lt_cv_prog_compiler_pic='-fPIC -DPIC'
lt_cv_prog_compiler_pic_works=yes
lt_cv_prog_compiler_rtti_exceptions=no
lt_cv_prog_compiler_static_works=yes
lt_cv_prog_gnu_ld=yes
lt_cv_sharedlib_from_linklib_cmd='printf %s\n'
lt_cv_shlibpath_overrides_runpath=no
lt_cv_sys_global_symbol_pipe='sed -n -e '\''s/^.*[	 ]\([ABCDGIRSTW][ABCDGIRSTW]*\)[	 ][	 ]*\([_A-Za-z][_A-Za-z0-9]*\)$/\1 \2 \2/p'\'' | sed '\''/ __gnu_lto/d'\'''
lt_cv_sys_global_symbol_to_c_name_address='sed -n -e '\''s/^: \([^ ]*\)[ ]*$/  {\"\1\", (void *) 0},/p'\'' -e '\''s/^[ABCDGIRSTW]* \([^ ]*\) \([^ ]*\)$/  {"\2", (void *) \&\2},/p'\'''
lt_cv_sys_global_symbol_to_c_name_address_lib_prefix='sed -n -e '\''s/^: \([^ ]*\)[ ]*$/  {\"\1\", (void *) 0},/p'\'' -e '\''s/^[ABCDGIRSTW]* \([^ ]*\) \(lib[^ ]*\)$/  {"\2", (void *) \&\2},/p'\'' -e '\''s/^[ABCDGIRSTW]* \([^ ]*\) \([^ ]*\)$/  {"lib\2", (void *) \&\2},/p'\'''
lt_cv_sys_global_symbol_to_cdecl='sed -n -e '\''s/^T .* \(.*\)$/extern int \1();/p'\'' -e '\''s/^[ABCDGIRSTW]* .* \(.*\)$/extern char \1;/p'\'''
lt_cv_sys_max_cmd_len=1572864
lt_cv_to_host_file_cmd=func_convert_file_noop
lt_cv_to_tool_file_cmd=func_convert_file_noop

## ----------------- ##
## Output variables. ##
## ----------------- ##

ACLOCAL='${SHELL} /home/shehzad/ros_ws/hydro/rockin_ws/src/mm_kia/task_description_language/nlu/liblbfgs/missing --run aclocal-1.11'
AMDEPBACKSLASH='\'
AMDEP_FALSE='#'
AMDEP_TRUE=''
AMTAR='$${TAR-tar}'
AR='ar'
AUTOCONF='${SHELL} /home/shehzad/ros_ws/hydro/rockin_ws/src/mm_kia/task_description_language/nlu/liblbfgs/missing --run autoconf'
AUTOHEADER='${SHELL} /home/shehzad/ros_ws/hydro/rockin_ws/src/mm_kia/task_description_language/nlu/liblbfgs/missing --run autoheader'
AUTOMAKE='${SHELL} /home/shehzad/ros_ws/hydro/rockin_ws/src/mm_kia/task_description_language/nlu/liblbfgs/missing --run automake-1.11'
AWK='mawk'
CC='gcc'
CCDEPMODE='depmode=gcc3'
CFLAGS='-O3 -ffast-math  -Wall'
CPP='gcc -E'
CPPFLAGS=''
CYGPATH_W='echo'
DEFS='-DHAVE_CONFIG_H'
DEPDIR='.deps'
DLLTOOL='false'
DSYMUTIL=''
DUMPBIN=''
ECHO_C=''
ECHO_N='-n'
ECHO_T=''
EGREP='/bin/grep -E'
EXEEXT=''
FGREP='/bin/grep -F'
GREP='/bin/grep'
INCLUDES='-I$(top_srcdir) -I$(top_srcdir)/include'
INSTALL_DATA='${INSTALL} -m 644'
INSTALL_PROGRAM='${INSTALL}'
INSTALL_SCRIPT='${INSTALL}'
INSTALL_STRIP_PROGRAM='$(install_sh) -c -s'
LD='/usr/bin/ld -m elf_x86_64'
LDFLAGS=''
LIBOBJS=''
LIBS='-lm '
LIBTOOL='$(SHELL) $(top_builddir)/libtool'
LIPO=''
LN_S='ln -s'
LTLIBOBJS=''
MAINT='#'
MAINTAINER_MODE_FALSE=''
MAINTAINER_MODE_TRUE='#'
MAKEINFO='${SHELL} /home/shehzad/ros_ws/hydro/rockin_ws/src/mm_kia/task_description_language/nlu/liblbfgs/missing --run makeinfo'
MANIFEST_TOOL=':'
MKDIR_P='/bin/mkdir -p'
NM='/usr/bin/nm -B'
NMEDIT=''
OBJDUMP='objdump'
OBJEXT='o'
OTOOL64=''
OTOOL=''
PACKAGE='liblbfgs'
PACKAGE_BUGREPORT=''
PACKAGE_NAME=''
PACKAGE_STRING=''
PACKAGE_TARNAME=''
PACKAGE_URL=''
PACKAGE_VERSION=''
PATH_SEPARATOR=':'
RANLIB='ranlib'
SED='/bin/sed'
SET_MAKE=''
SHELL='/bin/bash'
STRIP='strip'
VERSION='1.10'
ac_ct_AR='ar'
ac_ct_CC='gcc'
ac_ct_DUMPBIN=''
am__EXEEXT_FALSE=''
am__EXEEXT_TRUE='#'
am__fastdepCC_FALSE='#'
am__fastdepCC_TRUE=''
am__include='include'
am__isrc=''
am__leading_dot='.'
am__nodep='_no'
am__quote=''
am__tar='$${TAR-tar} chof - "$$tardir"'
am__untar='$${TAR-tar} xf -'
bindir='${exec_prefix}/bin'
build='x86_64-unknown-linux-gnu'
build_alias=''
build_cpu='x86_64'
build_os='linux-gnu'
build_vendor='unknown'
datadir='${datarootdir}'
datarootdir='${prefix}/share'
docdir='${datarootdir}/doc/${PACKAGE}'
dvidir='${docdir}'
exec_prefix='${prefix}'
host='x86_64-unknown-linux-gnu'
host_alias=''
host_cpu='x86_64'
host_os='linux-gnu'
host_vendor='unknown'
htmldir='${docdir}'
includedir='${prefix}/include'
infodir='${datarootdir}/info'
install_sh='${SHELL} /home/shehzad/ros_ws/hydro/rockin_ws/src/mm_kia/task_description_language/nlu/liblbfgs/install-sh'
libdir='${exec_prefix}/lib'
libexecdir='${exec_prefix}/libexec'
localedir='${datarootdir}/locale'
localstatedir='${prefix}/var'
mandir='${datarootdir}/man'
mkdir_p='/bin/mkdir -p'
oldincludedir='/usr/include'
pdfdir='${docdir}'
prefix='/usr/local'
program_transform_name='s,x,x,'
psdir='${docdir}'
sbindir='${exec_prefix}/sbin'
sharedstatedir='${prefix}/com'
sysconfdir='${prefix}/etc'
target_alias=''

## ----------- ##
## confdefs.h. ##
## ----------- ##

/* confdefs.h */
#define PACKAGE_NAME ""
#define PACKAGE_TARNAME ""
#define PACKAGE_VERSION ""
#define PACKAGE_STRING ""
#define PACKAGE_BUGREPORT ""
#define PACKAGE_URL ""
#define PACKAGE "liblbfgs"
#define VERSION "1.10"
#define STDC_HEADERS 1
#define HAVE_SYS_TYPES_H 1
#define HAVE_SYS_STAT_H 1
#define HAVE_STDLIB_H 1
#define HAVE_STRING_H 1
#define HAVE_MEMORY_H 1
#define HAVE_STRINGS_H 1
#define HAVE_INTTYPES_H 1
#define HAVE_STDINT_H 1
#define HAVE_UNISTD_H 1
#define HAVE_DLFCN_H 1
#define LT_OBJDIR ".libs/"
#define STDC_HEADERS 1
#define HAVE_XMMINTRIN_H 1
#define HAVE_EMMINTRIN_H 1
#define HAVE_LIBM 1

configure: exit 0
