This file contains any messages produced by compilers while
running configure, to aid debugging if configure makes a mistake.

It was created by lcm configure 1.0.0, which was
generated by GNU Autoconf 2.68.  Invocation command line was

  $ ./configure 

## --------- ##
## Platform. ##
## --------- ##

hostname = ubuntu
uname -m = x86_64
uname -r = 3.8.0-37-generic
uname -s = Linux
uname -v = #53~precise1-Ubuntu SMP Wed Feb 19 21:37:54 UTC 2014

/usr/bin/uname -p = unknown
/bin/uname -X     = unknown

/bin/arch              = unknown
/usr/bin/arch -k       = unknown
/usr/convex/getsysinfo = unknown
/usr/bin/hostinfo      = unknown
/bin/machine           = unknown
/usr/bin/oslevel       = unknown
/bin/universe          = unknown

PATH: /home/shehzad/ros_ws/hydro/rockin_ws/devel/bin
PATH: /home/shehzad/ros_ws/hydro/robocupwork_ws/devel/bin
PATH: /opt/ros/hydro/bin
PATH: /home/shehzad/ros_ws/hydro/devel/bin
PATH: /usr/lib/lightdm/lightdm
PATH: /usr/local/sbin
PATH: /usr/local/bin
PATH: /usr/sbin
PATH: /usr/bin
PATH: /sbin
PATH: /bin
PATH: /usr/games
PATH: /home/shehzad/Documents/zeno-project/qpid-broker-0.16/bin/


## ----------- ##
## Core tests. ##
## ----------- ##

configure:2323: checking build system type
configure:2337: result: x86_64-unknown-linux-gnu
configure:2357: checking host system type
configure:2370: result: x86_64-unknown-linux-gnu
configure:2390: checking target system type
configure:2403: result: x86_64-unknown-linux-gnu
configure:2446: checking for a BSD-compatible install
configure:2514: result: /usr/bin/install -c
configure:2525: checking whether build environment is sane
configure:2575: result: yes
configure:2716: checking for a thread-safe mkdir -p
configure:2755: result: /bin/mkdir -p
configure:2768: checking for gawk
configure:2798: result: no
configure:2768: checking for mawk
configure:2784: found /usr/bin/mawk
configure:2795: result: mawk
configure:2806: checking whether make sets $(MAKE)
configure:2828: result: yes
configure:2958: checking for gcc
configure:2974: found /usr/bin/gcc
configure:2985: result: gcc
configure:3214: checking for C compiler version
configure:3223: gcc --version >&5
gcc (Ubuntu/Linaro 4.6.3-1ubuntu5) 4.6.3
Copyright (C) 2011 Free Software Foundation, Inc.
This is free software; see the source for copying conditions.  There is NO
warranty; not even for MERCHANTABILITY or FITNESS FOR A PARTICULAR PURPOSE.

configure:3234: $? = 0
configure:3223: gcc -v >&5
Using built-in specs.
COLLECT_GCC=gcc
COLLECT_LTO_WRAPPER=/usr/lib/gcc/x86_64-linux-gnu/4.6/lto-wrapper
Target: x86_64-linux-gnu
Configured with: ../src/configure -v --with-pkgversion='Ubuntu/Linaro 4.6.3-1ubuntu5' --with-bugurl=file:///usr/share/doc/gcc-4.6/README.Bugs --enable-languages=c,c++,fortran,objc,obj-c++ --prefix=/usr --program-suffix=-4.6 --enable-shared --enable-linker-build-id --with-system-zlib --libexecdir=/usr/lib --without-included-gettext --enable-threads=posix --with-gxx-include-dir=/usr/include/c++/4.6 --libdir=/usr/lib --enable-nls --with-sysroot=/ --enable-clocale=gnu --enable-libstdcxx-debug --enable-libstdcxx-time=yes --enable-gnu-unique-object --enable-plugin --enable-objc-gc --disable-werror --with-arch-32=i686 --with-tune=generic --enable-checking=release --build=x86_64-linux-gnu --host=x86_64-linux-gnu --target=x86_64-linux-gnu
Thread model: posix
gcc version 4.6.3 (Ubuntu/Linaro 4.6.3-1ubuntu5) 
configure:3234: $? = 0
configure:3223: gcc -V >&5
gcc: error: unrecognized option '-V'
gcc: fatal error: no input files
compilation terminated.
configure:3234: $? = 4
configure:3223: gcc -qversion >&5
gcc: error: unrecognized option '-qversion'
gcc: fatal error: no input files
compilation terminated.
configure:3234: $? = 4
configure:3254: checking whether the C compiler works
configure:3276: gcc    conftest.c  >&5
configure:3280: $? = 0
configure:3328: result: yes
configure:3331: checking for C compiler default output file name
configure:3333: result: a.out
configure:3339: checking for suffix of executables
configure:3346: gcc -o conftest    conftest.c  >&5
configure:3350: $? = 0
configure:3372: result: 
configure:3394: checking whether we are cross compiling
configure:3402: gcc -o conftest    conftest.c  >&5
configure:3406: $? = 0
configure:3413: ./conftest
configure:3417: $? = 0
configure:3432: result: no
configure:3437: checking for suffix of object files
configure:3459: gcc -c   conftest.c >&5
configure:3463: $? = 0
configure:3484: result: o
configure:3488: checking whether we are using the GNU C compiler
configure:3507: gcc -c   conftest.c >&5
configure:3507: $? = 0
configure:3516: result: yes
configure:3525: checking whether gcc accepts -g
configure:3545: gcc -c -g  conftest.c >&5
configure:3545: $? = 0
configure:3586: result: yes
configure:3603: checking for gcc option to accept ISO C89
configure:3667: gcc  -c -g -O2  conftest.c >&5
configure:3667: $? = 0
configure:3680: result: none needed
configure:3711: checking for style of include used by make
configure:3739: result: GNU
configure:3765: checking dependency style of gcc
configure:3876: result: gcc3
configure:3945: checking for pkg-config
configure:3963: found /usr/bin/pkg-config
configure:3975: result: /usr/bin/pkg-config
configure:4000: checking pkg-config is at least version 0.9.0
configure:4003: result: yes
configure:4013: checking for GLIB
configure:4020: $PKG_CONFIG --exists --print-errors "glib-2.0 >= 2.0.0 gthread-2.0 >= 2.0.0"
configure:4023: $? = 0
configure:4037: $PKG_CONFIG --exists --print-errors "glib-2.0 >= 2.0.0 gthread-2.0 >= 2.0.0"
configure:4040: $? = 0
configure:4078: result: yes
configure:4086: checking for jar
configure:4104: found /usr/bin/jar
configure:4116: result: /usr/bin/jar
configure:4131: checking for javac
configure:4149: found /usr/bin/javac
configure:4161: result: /usr/bin/javac
configure:4184: checking whether make supports nested variables
configure:4201: result: yes
configure:4299: checking how to print strings
configure:4326: result: printf
configure:4347: checking for a sed that does not truncate output
configure:4411: result: /bin/sed
configure:4429: checking for grep that handles long lines and -e
configure:4487: result: /bin/grep
configure:4492: checking for egrep
configure:4554: result: /bin/grep -E
configure:4559: checking for fgrep
configure:4621: result: /bin/grep -F
configure:4656: checking for ld used by gcc
configure:4723: result: /usr/bin/ld
configure:4730: checking if the linker (/usr/bin/ld) is GNU ld
configure:4745: result: yes
configure:4757: checking for BSD- or MS-compatible name lister (nm)
configure:4806: result: /usr/bin/nm -B
configure:4936: checking the name lister (/usr/bin/nm -B) interface
configure:4943: gcc -c -g -O2  conftest.c >&5
configure:4946: /usr/bin/nm -B "conftest.o"
configure:4949: output
0000000000000000 B some_variable
configure:4956: result: BSD nm
configure:4959: checking whether ln -s works
configure:4963: result: yes
configure:4971: checking the maximum length of command line arguments
configure:5101: result: 1572864
configure:5118: checking whether the shell understands some XSI constructs
configure:5128: result: yes
configure:5132: checking whether the shell understands "+="
configure:5138: result: yes
configure:5173: checking how to convert x86_64-unknown-linux-gnu file names to x86_64-unknown-linux-gnu format
configure:5213: result: func_convert_file_noop
configure:5220: checking how to convert x86_64-unknown-linux-gnu file names to toolchain format
configure:5240: result: func_convert_file_noop
configure:5247: checking for /usr/bin/ld option to reload object files
configure:5254: result: -r
configure:5328: checking for objdump
configure:5344: found /usr/bin/objdump
configure:5355: result: objdump
configure:5387: checking how to recognize dependent libraries
configure:5589: result: pass_all
configure:5674: checking for dlltool
configure:5704: result: no
configure:5734: checking how to associate runtime and link libraries
configure:5761: result: printf %s\n
configure:5822: checking for ar
configure:5838: found /usr/bin/ar
configure:5849: result: ar
configure:5886: checking for archiver @FILE support
configure:5903: gcc -c -g -O2  conftest.c >&5
configure:5903: $? = 0
configure:5906: ar cru libconftest.a @conftest.lst >&5
configure:5909: $? = 0
configure:5914: ar cru libconftest.a @conftest.lst >&5
ar: conftest.o: No such file or directory
configure:5917: $? = 1
configure:5929: result: @
configure:5987: checking for strip
configure:6003: found /usr/bin/strip
configure:6014: result: strip
configure:6086: checking for ranlib
configure:6102: found /usr/bin/ranlib
configure:6113: result: ranlib
configure:6215: checking command to parse /usr/bin/nm -B output from gcc object
configure:6335: gcc -c -g -O2  conftest.c >&5
configure:6338: $? = 0
configure:6342: /usr/bin/nm -B conftest.o \| sed -n -e 's/^.*[ ]\([ABCDGIRSTW][ABCDGIRSTW]*\)[ ][ ]*\([_A-Za-z][_A-Za-z0-9]*\)$/\1 \2 \2/p' | sed '/ __gnu_lto/d' \> conftest.nm
configure:6345: $? = 0
configure:6411: gcc -o conftest -g -O2   conftest.c conftstm.o >&5
configure:6414: $? = 0
configure:6452: result: ok
configure:6489: checking for sysroot
configure:6519: result: no
configure:6596: gcc -c -g -O2  conftest.c >&5
configure:6599: $? = 0
configure:6775: checking for mt
configure:6791: found /bin/mt
configure:6802: result: mt
configure:6825: checking if mt is a manifest tool
configure:6831: mt '-?'
configure:6839: result: no
configure:7481: checking how to run the C preprocessor
configure:7512: gcc -E  conftest.c
configure:7512: $? = 0
configure:7526: gcc -E  conftest.c
conftest.c:11:28: fatal error: ac_nonexistent.h: No such file or directory
compilation terminated.
configure:7526: $? = 1
configure: failed program was:
| /* confdefs.h */
| #define PACKAGE_NAME "lcm"
| #define PACKAGE_TARNAME "lcm"
| #define PACKAGE_VERSION "1.0.0"
| #define PACKAGE_STRING "lcm 1.0.0"
| #define PACKAGE_BUGREPORT ""
| #define PACKAGE_URL ""
| #define PACKAGE "lcm"
| #define VERSION "1.0.0"
| /* end confdefs.h.  */
| #include <ac_nonexistent.h>
configure:7551: result: gcc -E
configure:7571: gcc -E  conftest.c
configure:7571: $? = 0
configure:7585: gcc -E  conftest.c
conftest.c:11:28: fatal error: ac_nonexistent.h: No such file or directory
compilation terminated.
configure:7585: $? = 1
configure: failed program was:
| /* confdefs.h */
| #define PACKAGE_NAME "lcm"
| #define PACKAGE_TARNAME "lcm"
| #define PACKAGE_VERSION "1.0.0"
| #define PACKAGE_STRING "lcm 1.0.0"
| #define PACKAGE_BUGREPORT ""
| #define PACKAGE_URL ""
| #define PACKAGE "lcm"
| #define VERSION "1.0.0"
| /* end confdefs.h.  */
| #include <ac_nonexistent.h>
configure:7614: checking for ANSI C header files
configure:7634: gcc -c -g -O2  conftest.c >&5
configure:7634: $? = 0
configure:7707: gcc -o conftest -g -O2   conftest.c  >&5
configure:7707: $? = 0
configure:7707: ./conftest
configure:7707: $? = 0
configure:7718: result: yes
configure:7731: checking for sys/types.h
configure:7731: gcc -c -g -O2  conftest.c >&5
configure:7731: $? = 0
configure:7731: result: yes
configure:7731: checking for sys/stat.h
configure:7731: gcc -c -g -O2  conftest.c >&5
configure:7731: $? = 0
configure:7731: result: yes
configure:7731: checking for stdlib.h
configure:7731: gcc -c -g -O2  conftest.c >&5
configure:7731: $? = 0
configure:7731: result: yes
configure:7731: checking for string.h
configure:7731: gcc -c -g -O2  conftest.c >&5
configure:7731: $? = 0
configure:7731: result: yes
configure:7731: checking for memory.h
configure:7731: gcc -c -g -O2  conftest.c >&5
configure:7731: $? = 0
configure:7731: result: yes
configure:7731: checking for strings.h
configure:7731: gcc -c -g -O2  conftest.c >&5
configure:7731: $? = 0
configure:7731: result: yes
configure:7731: checking for inttypes.h
configure:7731: gcc -c -g -O2  conftest.c >&5
configure:7731: $? = 0
configure:7731: result: yes
configure:7731: checking for stdint.h
configure:7731: gcc -c -g -O2  conftest.c >&5
configure:7731: $? = 0
configure:7731: result: yes
configure:7731: checking for unistd.h
configure:7731: gcc -c -g -O2  conftest.c >&5
configure:7731: $? = 0
configure:7731: result: yes
configure:7745: checking for dlfcn.h
configure:7745: gcc -c -g -O2  conftest.c >&5
configure:7745: $? = 0
configure:7745: result: yes
configure:7921: checking for objdir
configure:7936: result: .libs
configure:8207: checking if gcc supports -fno-rtti -fno-exceptions
configure:8225: gcc -c -g -O2  -fno-rtti -fno-exceptions conftest.c >&5
cc1: warning: command line option '-fno-rtti' is valid for C++/ObjC++ but not for C [enabled by default]
configure:8229: $? = 0
configure:8242: result: no
configure:8569: checking for gcc option to produce PIC
configure:8576: result: -fPIC -DPIC
configure:8584: checking if gcc PIC flag -fPIC -DPIC works
configure:8602: gcc -c -g -O2  -fPIC -DPIC -DPIC conftest.c >&5
configure:8606: $? = 0
configure:8619: result: yes
configure:8648: checking if gcc static flag -static works
configure:8676: result: yes
configure:8691: checking if gcc supports -c -o file.o
configure:8712: gcc -c -g -O2  -o out/conftest2.o conftest.c >&5
configure:8716: $? = 0
configure:8738: result: yes
configure:8746: checking if gcc supports -c -o file.o
configure:8793: result: yes
configure:8826: checking whether the gcc linker (/usr/bin/ld -m elf_x86_64) supports shared libraries
configure:9983: result: yes
configure:10020: checking whether -lc should be explicitly linked in
configure:10028: gcc -c -g -O2  conftest.c >&5
configure:10031: $? = 0
configure:10046: gcc -shared  -fPIC -DPIC conftest.o  -v -Wl,-soname -Wl,conftest -o conftest 2\>\&1 \| /bin/grep  -lc  \>/dev/null 2\>\&1
configure:10049: $? = 0
configure:10063: result: no
configure:10223: checking dynamic linker characteristics
configure:10734: gcc -o conftest -g -O2   -Wl,-rpath -Wl,/foo conftest.c  >&5
configure:10734: $? = 0
configure:10968: result: GNU/Linux ld.so
configure:11075: checking how to hardcode library paths into programs
configure:11100: result: immediate
configure:11640: checking whether stripping libraries is possible
configure:11645: result: yes
configure:11680: checking if libtool supports shared libraries
configure:11682: result: yes
configure:11685: checking whether to build shared libraries
configure:11706: result: yes
configure:11709: checking whether to build static libraries
configure:11713: result: no
configure:11753: checking for library containing gethostbyname
configure:11784: gcc -o conftest -g -O2   conftest.c  >&5
configure:11784: $? = 0
configure:11801: result: none required
configure:11809: checking for library containing socket
configure:11840: gcc -o conftest -g -O2   conftest.c  >&5
configure:11840: $? = 0
configure:11857: result: none required
configure:11910: checking for library containing nanosleep
configure:11941: gcc -o conftest -g -O2   conftest.c  >&5
configure:11941: $? = 0
configure:11958: result: none required
configure:11968: checking for library containing inet_aton
configure:11999: gcc -o conftest -g -O2   conftest.c  >&5
configure:11999: $? = 0
configure:12016: result: none required
configure:12068: checking for a Python interpreter with version >= 2.3
configure:12085: python -c import sys # split strings by '.' and convert to numeric. Append some zeros # because we need at least 4 digits for the hex conversion. # map returns an iterator in Python 3.0 and a list in 2.x minver = list(map(int, '2.3'.split('.'))) + [0, 0, 0] minverhex = 0 # xrange is not present in Python 3.0 and range returns an iterator for i in list(range(0, 4)): minverhex = (minverhex << 8) + minver[i] sys.exit(sys.hexversion < minverhex)
configure:12088: $? = 0
configure:12094: result: python
configure:12102: checking for python
configure:12120: found /usr/bin/python
configure:12132: result: /usr/bin/python
configure:12150: checking for python version
configure:12157: result: 2.7
configure:12169: checking for python platform
configure:12176: result: linux2
configure:12183: checking for python script directory
configure:12211: result: ${prefix}/lib/python2.7/dist-packages
configure:12220: checking for python extension module directory
configure:12248: result: ${exec_prefix}/lib/python2.7/dist-packages
configure:12262: checking for headers required to compile python extensions
configure:12281: gcc -E  -I/usr/include/python2.7 -I/usr/include/python2.7 conftest.c
configure:12281: $? = 0
configure:12282: result: found
configure:12431: checking for a Lua interpreter with version >= 5.1
configure:12494: result: none
configure:13190: checking whether NLS is requested
configure:13199: result: yes
configure:13237: checking for msgfmt
configure: trying /usr/bin/msgfmt...
0 translated messages.
configure:13269: result: /usr/bin/msgfmt
configure:13278: checking for gmsgfmt
configure:13309: result: /usr/bin/msgfmt
configure:13349: checking for xgettext
configure: trying /usr/bin/xgettext...
/usr/bin/xgettext: warning: file `/dev/null' extension `' is unknown; will try C
configure:13381: result: /usr/bin/xgettext
configure:13421: checking for msgmerge
configure: trying /usr/bin/msgmerge...
configure:13452: result: /usr/bin/msgmerge
configure:13527: checking for ld used by GCC
configure:13591: result: /usr/bin/ld -m elf_x86_64
configure:13598: checking if the linker (/usr/bin/ld -m elf_x86_64) is GNU ld
configure:13611: result: yes
configure:13618: checking for shared library run path origin
configure:13631: result: done
configure:14047: checking for CFPreferencesCopyAppValue
configure:14067: gcc -o conftest -g -O2  -I/System/Library/Frameworks/CoreFoundation.framework/Headers  conftest.c  -framework CoreFoundation >&5
gcc: error: CoreFoundation: No such file or directory
configure:14067: $? = 1
configure: failed program was:
| /* confdefs.h */
| #define PACKAGE_NAME "lcm"
| #define PACKAGE_TARNAME "lcm"
| #define PACKAGE_VERSION "1.0.0"
| #define PACKAGE_STRING "lcm 1.0.0"
| #define PACKAGE_BUGREPORT ""
| #define PACKAGE_URL ""
| #define PACKAGE "lcm"
| #define VERSION "1.0.0"
| #define STDC_HEADERS 1
| #define HAVE_SYS_TYPES_H 1
| #define HAVE_SYS_STAT_H 1
| #define HAVE_STDLIB_H 1
| #define HAVE_STRING_H 1
| #define HAVE_MEMORY_H 1
| #define HAVE_STRINGS_H 1
| #define HAVE_INTTYPES_H 1
| #define HAVE_STDINT_H 1
| #define HAVE_UNISTD_H 1
| #define HAVE_DLFCN_H 1
| #define LT_OBJDIR ".libs/"
| #define GETTEXT_PACKAGE "lcm"
| /* end confdefs.h.  */
| #include <CFPreferences.h>
| int
| main ()
| {
| CFPreferencesCopyAppValue(NULL, NULL)
|   ;
|   return 0;
| }
configure:14077: result: no
configure:14084: checking for CFLocaleCopyCurrent
configure:14104: gcc -o conftest -g -O2  -I/System/Library/Frameworks/CoreFoundation.framework/Headers  conftest.c  -framework CoreFoundation >&5
gcc: error: CoreFoundation: No such file or directory
configure:14104: $? = 1
configure: failed program was:
| /* confdefs.h */
| #define PACKAGE_NAME "lcm"
| #define PACKAGE_TARNAME "lcm"
| #define PACKAGE_VERSION "1.0.0"
| #define PACKAGE_STRING "lcm 1.0.0"
| #define PACKAGE_BUGREPORT ""
| #define PACKAGE_URL ""
| #define PACKAGE "lcm"
| #define VERSION "1.0.0"
| #define STDC_HEADERS 1
| #define HAVE_SYS_TYPES_H 1
| #define HAVE_SYS_STAT_H 1
| #define HAVE_STDLIB_H 1
| #define HAVE_STRING_H 1
| #define HAVE_MEMORY_H 1
| #define HAVE_STRINGS_H 1
| #define HAVE_INTTYPES_H 1
| #define HAVE_STDINT_H 1
| #define HAVE_UNISTD_H 1
| #define HAVE_DLFCN_H 1
| #define LT_OBJDIR ".libs/"
| #define GETTEXT_PACKAGE "lcm"
| /* end confdefs.h.  */
| #include <CFLocale.h>
| int
| main ()
| {
| CFLocaleCopyCurrent();
|   ;
|   return 0;
| }
configure:14114: result: no
configure:14129: checking whether NLS is requested
configure:14138: result: yes
configure:14156: checking for GNU gettext in libc
configure:14175: gcc -o conftest -g -O2   conftest.c  >&5
conftest.c: In function 'main':
conftest.c:31:8: warning: cast from pointer to integer of different size [-Wpointer-to-int-cast]
configure:14175: $? = 0
configure:14183: result: yes
configure:14771: checking whether to use NLS
configure:14773: result: yes
configure:14776: checking where the gettext function comes from
configure:14787: result: libc
configure:14876: checking for iconv
configure:14898: gcc -o conftest -g -O2   conftest.c  >&5
configure:14898: $? = 0
configure:14930: result: yes
configure:14951: checking for iconv declaration
configure:14980: gcc -c -g -O2  conftest.c >&5
configure:14980: $? = 0
configure:14991: result: 
         extern size_t iconv (iconv_t cd, char * *inbuf, size_t *inbytesleft, char * *outbuf, size_t *outbytesleft);
configure:15191: creating ./config.status

## ---------------------- ##
## Running config.status. ##
## ---------------------- ##

This file was extended by lcm config.status 1.0.0, which was
generated by GNU Autoconf 2.68.  Invocation command line was

  CONFIG_FILES    = 
  CONFIG_HEADERS  = 
  CONFIG_LINKS    = 
  CONFIG_COMMANDS = 
  $ ./config.status 

on ubuntu

config.status:1101: creating Makefile
config.status:1101: creating lcm/Makefile
config.status:1101: creating lcm/lcm.pc
config.status:1101: creating liblcm-test/Makefile
config.status:1101: creating lcm-logger/Makefile
config.status:1101: creating lcmgen/Makefile
config.status:1101: creating lcm-java/Makefile
config.status:1101: creating lcm-java/lcm-java.pc
config.status:1101: creating lcm-python/Makefile
config.status:1101: creating lcm-lua/Makefile
config.status:1101: creating examples/Makefile
config.status:1101: creating m4/Makefile
config.status:1101: creating po/Makefile.in
config.status:1209: WARNING:  'po/Makefile.in.in' seems to ignore the --datarootdir setting
config.status:1101: creating m4macros/Makefile
config.status:1273: executing depfiles commands
config.status:1273: executing libtool commands
config.status:1273: executing default-1 commands

## ---------------- ##
## Cache variables. ##
## ---------------- ##

ac_cv_build=x86_64-unknown-linux-gnu
ac_cv_c_compiler_gnu=yes
ac_cv_env_CC_set=
ac_cv_env_CC_value=
ac_cv_env_CFLAGS_set=
ac_cv_env_CFLAGS_value=
ac_cv_env_CPPFLAGS_set=
ac_cv_env_CPPFLAGS_value=
ac_cv_env_CPP_set=
ac_cv_env_CPP_value=
ac_cv_env_GLIB_CFLAGS_set=
ac_cv_env_GLIB_CFLAGS_value=
ac_cv_env_GLIB_LIBS_set=
ac_cv_env_GLIB_LIBS_value=
ac_cv_env_LDFLAGS_set=
ac_cv_env_LDFLAGS_value=
ac_cv_env_LIBS_set=
ac_cv_env_LIBS_value=
ac_cv_env_LUA_INCLUDE_set=
ac_cv_env_LUA_INCLUDE_value=
ac_cv_env_LUA_LIB_set=
ac_cv_env_LUA_LIB_value=
ac_cv_env_LUA_set=
ac_cv_env_LUA_value=
ac_cv_env_PKG_CONFIG_LIBDIR_set=
ac_cv_env_PKG_CONFIG_LIBDIR_value=
ac_cv_env_PKG_CONFIG_PATH_set=set
ac_cv_env_PKG_CONFIG_PATH_value=/home/shehzad/ros_ws/hydro/rockin_ws/devel/lib/pkgconfig:/home/shehzad/ros_ws/hydro/robocupwork_ws/devel/lib/pkgconfig:/opt/ros/hydro/lib/pkgconfig:/home/shehzad/ros_ws/hydro/devel/lib/pkgconfig
ac_cv_env_PKG_CONFIG_set=
ac_cv_env_PKG_CONFIG_value=
ac_cv_env_PYTHON_set=
ac_cv_env_PYTHON_value=
ac_cv_env_build_alias_set=
ac_cv_env_build_alias_value=
ac_cv_env_host_alias_set=
ac_cv_env_host_alias_value=
ac_cv_env_target_alias_set=
ac_cv_env_target_alias_value=
ac_cv_header_dlfcn_h=yes
ac_cv_header_inttypes_h=yes
ac_cv_header_memory_h=yes
ac_cv_header_stdc=yes
ac_cv_header_stdint_h=yes
ac_cv_header_stdlib_h=yes
ac_cv_header_string_h=yes
ac_cv_header_strings_h=yes
ac_cv_header_sys_stat_h=yes
ac_cv_header_sys_types_h=yes
ac_cv_header_unistd_h=yes
ac_cv_host=x86_64-unknown-linux-gnu
ac_cv_objext=o
ac_cv_path_EGREP='/bin/grep -E'
ac_cv_path_FGREP='/bin/grep -F'
ac_cv_path_GMSGFMT=/usr/bin/msgfmt
ac_cv_path_GREP=/bin/grep
ac_cv_path_JAR=/usr/bin/jar
ac_cv_path_JAVAC=/usr/bin/javac
ac_cv_path_MSGFMT=/usr/bin/msgfmt
ac_cv_path_MSGMERGE=/usr/bin/msgmerge
ac_cv_path_PYTHON=/usr/bin/python
ac_cv_path_SED=/bin/sed
ac_cv_path_XGETTEXT=/usr/bin/xgettext
ac_cv_path_ac_pt_PKG_CONFIG=/usr/bin/pkg-config
ac_cv_path_install='/usr/bin/install -c'
ac_cv_path_mkdir=/bin/mkdir
ac_cv_prog_AWK=mawk
ac_cv_prog_CPP='gcc -E'
ac_cv_prog_ac_ct_AR=ar
ac_cv_prog_ac_ct_CC=gcc
ac_cv_prog_ac_ct_MANIFEST_TOOL=mt
ac_cv_prog_ac_ct_OBJDUMP=objdump
ac_cv_prog_ac_ct_RANLIB=ranlib
ac_cv_prog_ac_ct_STRIP=strip
ac_cv_prog_cc_c89=
ac_cv_prog_cc_g=yes
ac_cv_prog_make_make_set=yes
ac_cv_search_gethostbyname='none required'
ac_cv_search_inet_aton='none required'
ac_cv_search_nanosleep='none required'
ac_cv_search_socket='none required'
ac_cv_target=x86_64-unknown-linux-gnu
acl_cv_hardcode_direct=no
acl_cv_hardcode_libdir_flag_spec='${wl}-rpath ${wl}$libdir'
acl_cv_hardcode_libdir_separator=
acl_cv_hardcode_minus_L=no
acl_cv_libext=a
acl_cv_path_LD='/usr/bin/ld -m elf_x86_64'
acl_cv_prog_gnu_ld=yes
acl_cv_rpath=done
acl_cv_shlibext=so
acl_cv_wl=-Wl,
am_cv_CC_dependencies_compiler_type=gcc3
am_cv_func_iconv=yes
am_cv_lib_iconv=no
am_cv_make_support_nested_variables=yes
am_cv_pathless_PYTHON=python
am_cv_proto_iconv='extern size_t iconv (iconv_t cd, char * *inbuf, size_t *inbytesleft, char * *outbuf, size_t *outbytesleft);'
am_cv_proto_iconv_arg1=
am_cv_python_platform=linux2
am_cv_python_pyexecdir='${exec_prefix}/lib/python2.7/dist-packages'
am_cv_python_pythondir='${prefix}/lib/python2.7/dist-packages'
am_cv_python_version=2.7
ax_cv_pathless_LUA=none
gt_cv_func_CFLocaleCopyCurrent=no
gt_cv_func_CFPreferencesCopyAppValue=no
gt_cv_func_gnugettext1_libc=yes
lt_cv_ar_at_file=@
lt_cv_archive_cmds_need_lc=no
lt_cv_deplibs_check_method=pass_all
lt_cv_file_magic_cmd='$MAGIC_CMD'
lt_cv_file_magic_test_file=
lt_cv_ld_reload_flag=-r
lt_cv_nm_interface='BSD nm'
lt_cv_objdir=.libs
lt_cv_path_LD=/usr/bin/ld
lt_cv_path_NM='/usr/bin/nm -B'
lt_cv_path_mainfest_tool=no
lt_cv_prog_compiler_c_o=yes
lt_cv_prog_compiler_pic='-fPIC -DPIC'
lt_cv_prog_compiler_pic_works=yes
lt_cv_prog_compiler_rtti_exceptions=no
lt_cv_prog_compiler_static_works=yes
lt_cv_prog_gnu_ld=yes
lt_cv_sharedlib_from_linklib_cmd='printf %s\n'
lt_cv_shlibpath_overrides_runpath=no
lt_cv_sys_global_symbol_pipe='sed -n -e '\''s/^.*[	 ]\([ABCDGIRSTW][ABCDGIRSTW]*\)[	 ][	 ]*\([_A-Za-z][_A-Za-z0-9]*\)$/\1 \2 \2/p'\'' | sed '\''/ __gnu_lto/d'\'''
lt_cv_sys_global_symbol_to_c_name_address='sed -n -e '\''s/^: \([^ ]*\)[ ]*$/  {\"\1\", (void *) 0},/p'\'' -e '\''s/^[ABCDGIRSTW]* \([^ ]*\) \([^ ]*\)$/  {"\2", (void *) \&\2},/p'\'''
lt_cv_sys_global_symbol_to_c_name_address_lib_prefix='sed -n -e '\''s/^: \([^ ]*\)[ ]*$/  {\"\1\", (void *) 0},/p'\'' -e '\''s/^[ABCDGIRSTW]* \([^ ]*\) \(lib[^ ]*\)$/  {"\2", (void *) \&\2},/p'\'' -e '\''s/^[ABCDGIRSTW]* \([^ ]*\) \([^ ]*\)$/  {"lib\2", (void *) \&\2},/p'\'''
lt_cv_sys_global_symbol_to_cdecl='sed -n -e '\''s/^T .* \(.*\)$/extern int \1();/p'\'' -e '\''s/^[ABCDGIRSTW]* .* \(.*\)$/extern char \1;/p'\'''
lt_cv_sys_max_cmd_len=1572864
lt_cv_to_host_file_cmd=func_convert_file_noop
lt_cv_to_tool_file_cmd=func_convert_file_noop
pkg_cv_GLIB_CFLAGS='-pthread -I/usr/include/glib-2.0 -I/usr/lib/x86_64-linux-gnu/glib-2.0/include  '
pkg_cv_GLIB_LIBS='-pthread -lgthread-2.0 -lrt -lglib-2.0  '

## ----------------- ##
## Output variables. ##
## ----------------- ##

ACLOCAL='${SHELL} /home/shehzad/ros_ws/hydro/rockin_ws/src/mm_kia/task_description_language/nlu/lcm-read-only/missing --run aclocal-1.11'
AMDEPBACKSLASH='\'
AMDEP_FALSE='#'
AMDEP_TRUE=''
AMTAR='$${TAR-tar}'
AM_BACKSLASH='\'
AM_CFLAGS=' -g -std=gnu99 -Wall -D_FILE_OFFSET_BITS=64 -D_LARGEFILE_SOURCE -D_REENTRANT -Wno-unused-parameter -Wno-format-zero-length -Wshadow'
AM_DEFAULT_V='$(AM_DEFAULT_VERBOSITY)'
AM_DEFAULT_VERBOSITY='0'
AM_V='$(V)'
AR='ar'
AUTOCONF='${SHELL} /home/shehzad/ros_ws/hydro/rockin_ws/src/mm_kia/task_description_language/nlu/lcm-read-only/missing --run autoconf'
AUTOHEADER='${SHELL} /home/shehzad/ros_ws/hydro/rockin_ws/src/mm_kia/task_description_language/nlu/lcm-read-only/missing --run autoheader'
AUTOMAKE='${SHELL} /home/shehzad/ros_ws/hydro/rockin_ws/src/mm_kia/task_description_language/nlu/lcm-read-only/missing --run automake-1.11'
AWK='mawk'
CC='gcc'
CCDEPMODE='depmode=gcc3'
CFLAGS='-g -O2'
CPP='gcc -E'
CPPFLAGS=''
CYGPATH_W='echo'
DEFS='-DPACKAGE_NAME=\"lcm\" -DPACKAGE_TARNAME=\"lcm\" -DPACKAGE_VERSION=\"1.0.0\" -DPACKAGE_STRING=\"lcm\ 1.0.0\" -DPACKAGE_BUGREPORT=\"\" -DPACKAGE_URL=\"\" -DPACKAGE=\"lcm\" -DVERSION=\"1.0.0\" -DSTDC_HEADERS=1 -DHAVE_SYS_TYPES_H=1 -DHAVE_SYS_STAT_H=1 -DHAVE_STDLIB_H=1 -DHAVE_STRING_H=1 -DHAVE_MEMORY_H=1 -DHAVE_STRINGS_H=1 -DHAVE_INTTYPES_H=1 -DHAVE_STDINT_H=1 -DHAVE_UNISTD_H=1 -DHAVE_DLFCN_H=1 -DLT_OBJDIR=\".libs/\" -DGETTEXT_PACKAGE=\"lcm\" -DENABLE_NLS=1 -DHAVE_GETTEXT=1 -DHAVE_DCGETTEXT=1 -DHAVE_ICONV=1 -DICONV_CONST='
DEPDIR='.deps'
DLLTOOL='false'
DSYMUTIL=''
DUMPBIN=''
ECHO_C=''
ECHO_N='-n'
ECHO_T=''
EGREP='/bin/grep -E'
EXEEXT=''
FGREP='/bin/grep -F'
GETTEXT_PACKAGE='lcm'
GLIB_CFLAGS='-pthread -I/usr/include/glib-2.0 -I/usr/lib/x86_64-linux-gnu/glib-2.0/include  '
GLIB_LIBS='-pthread -lgthread-2.0 -lrt -lglib-2.0  '
GMSGFMT='/usr/bin/msgfmt'
GREP='/bin/grep'
HAVE_JAVA_FALSE='#'
HAVE_JAVA_TRUE=''
HAVE_LUA_FALSE=''
HAVE_LUA_TRUE='#'
HAVE_PYTHON_FALSE='#'
HAVE_PYTHON_TRUE=''
INSTALLED_CLASSPATH='${jardir}/lcm.jar'
INSTALL_DATA='${INSTALL} -m 644'
INSTALL_PROGRAM='${INSTALL}'
INSTALL_SCRIPT='${INSTALL}'
INSTALL_STRIP_PROGRAM='$(install_sh) -c -s'
INTLLIBS=''
INTL_MACOSX_LIBS=''
JAR='/usr/bin/jar'
JAVAC='/usr/bin/javac'
LD='/usr/bin/ld -m elf_x86_64'
LDFLAGS=''
LIBICONV=''
LIBINTL=''
LIBLCM_AGE='2'
LIBLCM_CURRENT='3'
LIBLCM_REVISION='2'
LIBLCM_VERSION_INFO='3:2:2'
LIBOBJS=''
LIBS=''
LIBTOOL='$(SHELL) $(top_builddir)/libtool'
LIPO=''
LN_S='ln -s'
LTLIBICONV=''
LTLIBINTL=''
LTLIBOBJS=''
LUA=':'
LUA_EXEC_PREFIX=''
LUA_INCLUDE=''
LUA_LIB=''
LUA_PLATFORM=''
LUA_PREFIX=''
LUA_SHORT_VERSION=''
LUA_VERSION=''
MAKEINFO='${SHELL} /home/shehzad/ros_ws/hydro/rockin_ws/src/mm_kia/task_description_language/nlu/lcm-read-only/missing --run makeinfo'
MANIFEST_TOOL=':'
MKDIR_P='/bin/mkdir -p'
MKINSTALLDIRS='$(top_builddir)/./mkinstalldirs'
MSGFMT='/usr/bin/msgfmt'
MSGMERGE='/usr/bin/msgmerge'
NM='/usr/bin/nm -B'
NMEDIT=''
OBJDUMP='objdump'
OBJEXT='o'
OTOOL64=''
OTOOL=''
PACKAGE='lcm'
PACKAGE_BUGREPORT=''
PACKAGE_NAME='lcm'
PACKAGE_STRING='lcm 1.0.0'
PACKAGE_TARNAME='lcm'
PACKAGE_URL=''
PACKAGE_VERSION='1.0.0'
PATH_SEPARATOR=':'
PKG_CONFIG='/usr/bin/pkg-config'
PKG_CONFIG_LIBDIR=''
PKG_CONFIG_PATH='/home/shehzad/ros_ws/hydro/rockin_ws/devel/lib/pkgconfig:/home/shehzad/ros_ws/hydro/robocupwork_ws/devel/lib/pkgconfig:/opt/ros/hydro/lib/pkgconfig:/home/shehzad/ros_ws/hydro/devel/lib/pkgconfig'
POSUB='po'
PYTHON='/usr/bin/python'
PYTHON_EXEC_PREFIX='${exec_prefix}'
PYTHON_INCLUDES='-I/usr/include/python2.7 -I/usr/include/python2.7'
PYTHON_PLATFORM='linux2'
PYTHON_PREFIX='${prefix}'
PYTHON_VERSION='2.7'
RANLIB='ranlib'
SED='/bin/sed'
SET_MAKE=''
SHELL='/bin/bash'
STRIP='strip'
USE_NLS='yes'
VERSION='1.0.0'
WITH_EXAMPLES_FALSE='#'
WITH_EXAMPLES_TRUE=''
XGETTEXT='/usr/bin/xgettext'
ac_ct_AR='ar'
ac_ct_CC='gcc'
ac_ct_DUMPBIN=''
am__EXEEXT_FALSE=''
am__EXEEXT_TRUE='#'
am__fastdepCC_FALSE='#'
am__fastdepCC_TRUE=''
am__include='include'
am__isrc=''
am__leading_dot='.'
am__nodep='_no'
am__quote=''
am__tar='$${TAR-tar} chof - "$$tardir"'
am__untar='$${TAR-tar} xf -'
bindir='${exec_prefix}/bin'
build='x86_64-unknown-linux-gnu'
build_alias=''
build_cpu='x86_64'
build_os='linux-gnu'
build_vendor='unknown'
datadir='${datarootdir}'
datarootdir='${prefix}/share'
docdir='${datarootdir}/doc/${PACKAGE_TARNAME}'
dvidir='${docdir}'
exec_prefix='${prefix}'
host='x86_64-unknown-linux-gnu'
host_alias=''
host_cpu='x86_64'
host_os='linux-gnu'
host_vendor='unknown'
htmldir='${docdir}'
includedir='${prefix}/include'
infodir='${datarootdir}/info'
install_sh='${SHELL} /home/shehzad/ros_ws/hydro/rockin_ws/src/mm_kia/task_description_language/nlu/lcm-read-only/install-sh'
jardir='${datarootdir}/java'
java_apiversion='1.0'
libdir='${exec_prefix}/lib'
libexecdir='${exec_prefix}/libexec'
localedir='${datarootdir}/locale'
localstatedir='${prefix}/var'
luadir=''
luaexecdir=''
mandir='${datarootdir}/man'
mkdir_p='/bin/mkdir -p'
oldincludedir='/usr/include'
pdfdir='${docdir}'
pkgluadir=''
pkgluaexecdir=''
pkgpyexecdir='${pyexecdir}/lcm'
pkgpythondir='${pythondir}/lcm'
prefix='/usr/local'
program_transform_name='s,x,x,'
psdir='${docdir}'
pyexecdir='${exec_prefix}/lib/python2.7/dist-packages'
pylcmexecdir='${exec_prefix}/lib/python2.7/dist-packages/lcm'
pythondir='${prefix}/lib/python2.7/dist-packages'
sbindir='${exec_prefix}/sbin'
sharedstatedir='${prefix}/com'
sysconfdir='${prefix}/etc'
target='x86_64-unknown-linux-gnu'
target_alias=''
target_cpu='x86_64'
target_os='linux-gnu'
target_vendor='unknown'

## ----------- ##
## confdefs.h. ##
## ----------- ##

/* confdefs.h */
#define PACKAGE_NAME "lcm"
#define PACKAGE_TARNAME "lcm"
#define PACKAGE_VERSION "1.0.0"
#define PACKAGE_STRING "lcm 1.0.0"
#define PACKAGE_BUGREPORT ""
#define PACKAGE_URL ""
#define PACKAGE "lcm"
#define VERSION "1.0.0"
#define STDC_HEADERS 1
#define HAVE_SYS_TYPES_H 1
#define HAVE_SYS_STAT_H 1
#define HAVE_STDLIB_H 1
#define HAVE_STRING_H 1
#define HAVE_MEMORY_H 1
#define HAVE_STRINGS_H 1
#define HAVE_INTTYPES_H 1
#define HAVE_STDINT_H 1
#define HAVE_UNISTD_H 1
#define HAVE_DLFCN_H 1
#define LT_OBJDIR ".libs/"
#define GETTEXT_PACKAGE "lcm"
#define ENABLE_NLS 1
#define HAVE_GETTEXT 1
#define HAVE_DCGETTEXT 1
#define HAVE_ICONV 1
#define ICONV_CONST 

configure: exit 0
